<?xml version="1.0" encoding="UTF-8"?>
<testsuite xmlns:xsi="http://www.w3.org/2001/XMLSchema-instance" xsi:noNamespaceSchemaLocation="https://maven.apache.org/surefire/maven-surefire-plugin/xsd/surefire-test-report.xsd" name="org.axonframework.test.aggregate.StubAggregateLifecycleTest" time="0.003" tests="4" errors="0" skipped="0" failures="0">
  <properties>
[...]
</properties>
  <testcase name="testApplyingEventsAfterDeactivationFails" classname="org.axonframework.test.aggregate.StubAggregateLifecycleTest" time="0.001"/>
  <testcase name="testMarkDeletedIsRegisteredWithActiveLifecycle" classname="org.axonframework.test.aggregate.StubAggregateLifecycleTest" time="0"/>
  <testcase name="testAppliedEventsArePassedToActiveLifecycle" classname="org.axonframework.test.aggregate.StubAggregateLifecycleTest" time="0.001"/>
  <testcase name="testLifecycleIsNotRegisteredAutomatically" classname="org.axonframework.test.aggregate.StubAggregateLifecycleTest" time="0.001"/>
</testsuite>