<?xml version="1.0" encoding="UTF-8"?>
<testsuite xmlns:xsi="http://www.w3.org/2001/XMLSchema-instance" xsi:noNamespaceSchemaLocation="https://maven.apache.org/surefire/maven-surefire-plugin/xsd/surefire-test-report.xsd" name="org.axonframework.springboot.JdbcAutoConfigurationTest" time="0.368" tests="1" errors="0" skipped="0" failures="0">
  <properties>
[...]
</properties>
  <testcase name="testContextInitialization" classname="org.axonframework.springboot.JdbcAutoConfigurationTest" time="0.005"/>
</testsuite>